/.git/config
/.git/HEAD
/.git/index
/.git/logs/HEAD
/.gitignore
/.env
/.env.local
/.env.production
/.env.staging
/.dockerignore
/Dockerfile
/docker-compose.yml
/backup.zip
/backup.tar.gz
/backup.sql
/dump.sql
/database.sqlite
/db.sqlite
/config.php
/wp-config.php
/settings.py
/.htaccess
/.htpasswd
/id_rsa
/id_rsa.pub
/private.key
/cert.pem
/server.key
/ssl.key
/access.log
/error.log
/debug.log
/admin/
/admin.php
/phpmyadmin/
/wp-admin/
/.well-known/security.txt
/robots.txt
/sitemap.xml
/package.json
/requirements.txt
/.github/workflows/main.yml
/.gitlab-ci.yml
/.travis.yml
/.aws/credentials
/.azure/config
/.gcloud/credentials
/.vscode/settings.json
/.idea/workspace.xml
/Makefile
/README.md
